<?xml version="1.0" encoding="UTF-8"?>
<!-- Generated by org.testng.reporters.JUnitReportReporter -->
<testsuite skipped="0" hostname="DESKTOP-R8K2O8B" name="Scripts.DemoA" tests="1" failures="0" timestamp="26 Jul 2019 09:53:31 GMT" time="0.038" errors="0">
  <testcase name="run" time="0.038" classname="Scripts.DemoA"/>
</testsuite> <!-- Scripts.DemoA -->
